0 info it worked if it ends with ok
1 verbose cli [ '/usr/local/Cellar/node/5.6.0/bin/node',
1 verbose cli   '/usr/local/bin/npm',
1 verbose cli   'run',
1 verbose cli   'start_webpack' ]
2 info using npm@3.7.2
3 info using node@v5.6.0
4 verbose run-script [ 'prestart_webpack', 'start_webpack', 'poststart_webpack' ]
5 info lifecycle apitycoon-project@1.0.0~prestart_webpack: apitycoon-project@1.0.0
6 silly lifecycle apitycoon-project@1.0.0~prestart_webpack: no script for prestart_webpack, continuing
7 info lifecycle apitycoon-project@1.0.0~start_webpack: apitycoon-project@1.0.0
8 verbose lifecycle apitycoon-project@1.0.0~start_webpack: unsafe-perm in lifecycle true
9 verbose lifecycle apitycoon-project@1.0.0~start_webpack: PATH: /usr/local/lib/node_modules/npm/bin/node-gyp-bin:/Users/dbschwartz83/main-tycoon/node_modules/.bin:/usr/local/Cellar/node/5.6.0/bin:/usr/local/bin:/usr/bin:/bin:/usr/sbin:/sbin:/usr/local/bin
10 verbose lifecycle apitycoon-project@1.0.0~start_webpack: CWD: /Users/dbschwartz83/main-tycoon
11 silly lifecycle apitycoon-project@1.0.0~start_webpack: Args: [ '-c', 'webpack-dev-server --inline --hot' ]
12 silly lifecycle apitycoon-project@1.0.0~start_webpack: Returned: code: 1  signal: null
13 info lifecycle apitycoon-project@1.0.0~start_webpack: Failed to exec start_webpack script
14 verbose stack Error: apitycoon-project@1.0.0 start_webpack: `webpack-dev-server --inline --hot`
14 verbose stack Exit status 1
14 verbose stack     at EventEmitter.<anonymous> (/usr/local/lib/node_modules/npm/lib/utils/lifecycle.js:239:16)
14 verbose stack     at emitTwo (events.js:100:13)
14 verbose stack     at EventEmitter.emit (events.js:185:7)
14 verbose stack     at ChildProcess.<anonymous> (/usr/local/lib/node_modules/npm/lib/utils/spawn.js:24:14)
14 verbose stack     at emitTwo (events.js:100:13)
14 verbose stack     at ChildProcess.emit (events.js:185:7)
14 verbose stack     at maybeClose (internal/child_process.js:827:16)
14 verbose stack     at Process.ChildProcess._handle.onexit (internal/child_process.js:211:5)
15 verbose pkgid apitycoon-project@1.0.0
16 verbose cwd /Users/dbschwartz83/main-tycoon
17 error Darwin 13.4.0
18 error argv "/usr/local/Cellar/node/5.6.0/bin/node" "/usr/local/bin/npm" "run" "start_webpack"
19 error node v5.6.0
20 error npm  v3.7.2
21 error code ELIFECYCLE
22 error apitycoon-project@1.0.0 start_webpack: `webpack-dev-server --inline --hot`
22 error Exit status 1
23 error Failed at the apitycoon-project@1.0.0 start_webpack script 'webpack-dev-server --inline --hot'.
23 error Make sure you have the latest version of node.js and npm installed.
23 error If you do, this is most likely a problem with the apitycoon-project package,
23 error not with npm itself.
23 error Tell the author that this fails on your system:
23 error     webpack-dev-server --inline --hot
23 error You can get information on how to open an issue for this project with:
23 error     npm bugs apitycoon-project
23 error Or if that isn't available, you can get their info via:
23 error     npm owner ls apitycoon-project
23 error There is likely additional logging output above.
24 verbose exit [ 1, true ]
